<?xml version="1.0" encoding="UTF-8"?>
<!-- Generated by org.testng.reporters.JUnitReportReporter -->
<testsuite skipped="0" hostname="DS-PC01W052" name="Tests.supportTicketTest" tests="2" failures="0" timestamp="07 Sep 2018 10:22:14 GMT" time="499.889" errors="0">
  <testcase name="verifyFooterLinksOnAllPages" time="0.015" classname="Tests.supportTicketTest"/>
  <testcase name="getSessionID" time="499.874" classname="Tests.supportTicketTest"/>
</testsuite> <!-- Tests.supportTicketTest -->
