<?xml version="1.0" encoding="UTF-8"?>
<!-- Generated by org.testng.reporters.JUnitReportReporter -->
<testsuite skipped="0" hostname="DS-PC01W052" name="Tests.supportTicketTest" tests="1" failures="0" timestamp="20 Jul 2018 10:12:22 GMT" time="90.470" errors="0">
  <testcase name="getSessionID" time="90.470" classname="Tests.supportTicketTest"/>
</testsuite> <!-- Tests.supportTicketTest -->
