<?xml version="1.0" encoding="UTF-8"?>
<!-- Generated by org.testng.reporters.JUnitReportReporter -->
<testsuite skipped="0" hostname="DS-PC01W052" name="Tests.Sprint3USTest" tests="1" failures="0" timestamp="04 Sep 2018 10:35:35 GMT" time="663.328" errors="0">
  <testcase name="verifySocialMediaLinkOnFooter" time="663.328" classname="Tests.Sprint3USTest"/>
</testsuite> <!-- Tests.Sprint3USTest -->
