<?xml version="1.0" encoding="UTF-8"?>
<!-- Generated by org.testng.reporters.JUnitReportReporter -->
<testsuite skipped="0" hostname="DS-PC01W052" name="Tests.Sprint3USTest" tests="1" failures="0" timestamp="05 Sep 2018 09:56:07 GMT" time="300.235" errors="0">
  <testcase name="verifySizeOfCTA" time="300.235" classname="Tests.Sprint3USTest"/>
</testsuite> <!-- Tests.Sprint3USTest -->
