<?xml version="1.0" encoding="UTF-8"?>
<!-- Generated by org.testng.reporters.JUnitReportReporter -->
<testsuite skipped="0" hostname="DS-PC01W052" name="Tests.Sprint3USTest" tests="2" failures="0" timestamp="04 Sep 2018 12:22:40 GMT" time="14.359" errors="0">
  <testcase name="verifySocialMediaLinkOnFooter" time="2.897" classname="Tests.Sprint3USTest"/>
  <testcase name="verifySocialMediaLinkInC4" time="11.462" classname="Tests.Sprint3USTest"/>
</testsuite> <!-- Tests.Sprint3USTest -->
