<?xml version="1.0" encoding="UTF-8"?>
<!-- Generated by org.testng.reporters.JUnitReportReporter -->
<testsuite skipped="0" hostname="DS-PC01W052" name="Tests.supportTicketTest" tests="2" failures="0" timestamp="05 Sep 2018 07:54:37 GMT" time="889.392" errors="0">
  <testcase name="getSessionID" time="120.042" classname="Tests.supportTicketTest"/>
  <testcase name="verifyFooterLinksOnAllPages" time="769.350" classname="Tests.supportTicketTest"/>
</testsuite> <!-- Tests.supportTicketTest -->
