<?xml version="1.0" encoding="UTF-8"?>
<!-- Generated by org.testng.reporters.JUnitReportReporter -->
<testsuite skipped="0" hostname="DS-PC01W052" name="Tests.Sprint1USTest" tests="1" failures="0" timestamp="13 Jul 2018 10:11:51 GMT" time="14.836" errors="0">
  <testcase name="verifyContactUsValidation" time="14.836" classname="Tests.Sprint1USTest"/>
</testsuite> <!-- Tests.Sprint1USTest -->
