<?xml version="1.0" encoding="UTF-8"?>
<!-- Generated by org.testng.reporters.JUnitReportReporter -->
<testsuite skipped="0" hostname="DS-PC01W052" name="Tests.Sprint2USTest" tests="1" failures="0" timestamp="17 Aug 2018 10:56:34 GMT" time="276.797" errors="0">
  <testcase name="verifyFixNavigation" time="276.797" classname="Tests.Sprint2USTest"/>
</testsuite> <!-- Tests.Sprint2USTest -->
